
*** Running vivado
    with args -log top.vdi -applog -m64 -product Vivado -messageDb vivado.pb -mode batch -source top.tcl -notrace


****** Vivado v2025.2 (64-bit)
  **** SW Build 6299465 on Fri Nov 14 12:34:56 MST 2025
  **** IP Build 6300035 on Fri Nov 14 10:48:45 MST 2025
  **** SharedData Build 6298862 on Thu Nov 13 04:50:51 MST 2025
  **** Start of session at: Sun May 10 21:37:37 2026
    ** Copyright 1986-2022 Xilinx, Inc. All Rights Reserved.
    ** Copyright 2022-2025 Advanced Micro Devices, Inc. All Rights Reserved.

source top.tcl -notrace
Command: link_design -top top -part xc7s25csga324-1
Design is defaulting to srcset: sources_1
Design is defaulting to constrset: constrs_1
INFO: [Device 21-403] Loading part xc7s25csga324-1
Netlist sorting complete. Time (s): cpu = 00:00:00.01 ; elapsed = 00:00:00 . Memory (MB): peak = 1729.000 ; gain = 0.000 ; free physical = 1272 ; free virtual = 19056
INFO: [Project 1-479] Netlist was created with Vivado 2025.2
INFO: [Project 1-570] Preparing netlist for logic optimization
Parsing XDC File [/home/achary/achary/Projects/OFDM/OFDM.srcs/constrs_1/new/artys725.xdc]
CRITICAL WARNING: [Common 17-69] Command failed: 'W5' is not a valid site or package pin name. [/home/achary/achary/Projects/OFDM/OFDM.srcs/constrs_1/new/artys725.xdc:3]
CRITICAL WARNING: [Common 17-69] Command failed: 'E19' is not a valid site or package pin name. [/home/achary/achary/Projects/OFDM/OFDM.srcs/constrs_1/new/artys725.xdc:14]
Finished Parsing XDC File [/home/achary/achary/Projects/OFDM/OFDM.srcs/constrs_1/new/artys725.xdc]
INFO: [Opt 31-138] Pushed 0 inverter(s) to 0 load pin(s).
Netlist sorting complete. Time (s): cpu = 00:00:00 ; elapsed = 00:00:00.01 . Memory (MB): peak = 1915.637 ; gain = 0.000 ; free physical = 1174 ; free virtual = 18958
INFO: [Project 1-111] Unisim Transformation Summary:
No Unisim elements were transformed.

5 Infos, 0 Warnings, 2 Critical Warnings and 0 Errors encountered.
link_design completed successfully
Command: opt_design
Attempting to get a license for feature 'Implementation' and/or device 'xc7s25'
INFO: [Common 17-349] Got license for feature 'Implementation' and/or device 'xc7s25'
Running DRC as a precondition to command opt_design

Starting DRC Task
INFO: [DRC 23-27] Running DRC with 8 threads
INFO: [Project 1-461] DRC finished with 0 Errors
INFO: [Project 1-462] Please refer to the DRC report (report_drc) for more information.

Time (s): cpu = 00:00:00.23 ; elapsed = 00:00:00.21 . Memory (MB): peak = 1934.480 ; gain = 14.840 ; free physical = 1152 ; free virtual = 18936

Starting Cache Timing Information Task
INFO: [Timing 38-35] Done setting XDC timing constraints.
Ending Cache Timing Information Task | Checksum: 2df2475e5

Time (s): cpu = 00:00:03 ; elapsed = 00:00:03 . Memory (MB): peak = 2298.160 ; gain = 363.680 ; free physical = 795 ; free virtual = 18579

Starting Logic Optimization Task

Phase 1 Initialization

Phase 1.1 Core Generation And Design Setup
Phase 1.1 Core Generation And Design Setup | Checksum: 2df2475e5

Time (s): cpu = 00:00:00 ; elapsed = 00:00:00 . Memory (MB): peak = 2678.941 ; gain = 0.000 ; free physical = 436 ; free virtual = 18220

Phase 1.2 Setup Constraints And Sort Netlist
Phase 1.2 Setup Constraints And Sort Netlist | Checksum: 2df2475e5

Time (s): cpu = 00:00:00 ; elapsed = 00:00:00 . Memory (MB): peak = 2678.941 ; gain = 0.000 ; free physical = 436 ; free virtual = 18220
Phase 1 Initialization | Checksum: 2df2475e5

Time (s): cpu = 00:00:00 ; elapsed = 00:00:00 . Memory (MB): peak = 2678.941 ; gain = 0.000 ; free physical = 436 ; free virtual = 18220

Phase 2 Timer Update And Timing Data Collection

Phase 2.1 Detect if minReqCache needed
Phase 2.1 Detect if minReqCache needed | Checksum: 2df2475e5

Time (s): cpu = 00:00:00 ; elapsed = 00:00:00 . Memory (MB): peak = 2678.941 ; gain = 0.000 ; free physical = 432 ; free virtual = 18216

Phase 2.2 Timer Update
Phase 2.2 Timer Update | Checksum: 2df2475e5

Time (s): cpu = 00:00:00 ; elapsed = 00:00:00 . Memory (MB): peak = 2678.941 ; gain = 0.000 ; free physical = 432 ; free virtual = 18216

Phase 2.3 Timing Data Collection
Phase 2.3 Timing Data Collection | Checksum: 2df2475e5

Time (s): cpu = 00:00:00 ; elapsed = 00:00:00 . Memory (MB): peak = 2678.941 ; gain = 0.000 ; free physical = 432 ; free virtual = 18216
Phase 2 Timer Update And Timing Data Collection | Checksum: 2df2475e5

Time (s): cpu = 00:00:00 ; elapsed = 00:00:00 . Memory (MB): peak = 2678.941 ; gain = 0.000 ; free physical = 432 ; free virtual = 18216

Phase 3 Retarget
INFO: [Opt 31-1851] Number of loadless carry chains removed were: 0
INFO: [Opt 31-1834] Total Chains To Be Transformed Were: 0 AND Number of Transformed insts Created are: 0
INFO: [Opt 31-138] Pushed 0 inverter(s) to 0 load pin(s).
INFO: [Opt 31-49] Retargeted 0 cell(s).
Phase 3 Retarget | Checksum: 2df2475e5

Time (s): cpu = 00:00:00.01 ; elapsed = 00:00:00.01 . Memory (MB): peak = 2678.941 ; gain = 0.000 ; free physical = 432 ; free virtual = 18216
Retarget | Checksum: 2df2475e5
INFO: [Opt 31-389] Phase Retarget created 0 cells and removed 0 cells

Phase 4 Constant propagation
INFO: [Opt 31-138] Pushed 0 inverter(s) to 0 load pin(s).
Phase 4 Constant propagation | Checksum: 2df2475e5

Time (s): cpu = 00:00:00.01 ; elapsed = 00:00:00.01 . Memory (MB): peak = 2678.941 ; gain = 0.000 ; free physical = 432 ; free virtual = 18216
Constant propagation | Checksum: 2df2475e5
INFO: [Opt 31-389] Phase Constant propagation created 0 cells and removed 0 cells

Phase 5 Sweep
INFO: [Constraints 18-11670] Building netlist checker database with flags, 0x8
Done building netlist checker database: Time (s): cpu = 00:00:00 ; elapsed = 00:00:00 . Memory (MB): peak = 2678.941 ; gain = 0.000 ; free physical = 432 ; free virtual = 18217
Phase 5 Sweep | Checksum: 2df2475e5

Time (s): cpu = 00:00:00.01 ; elapsed = 00:00:00.01 . Memory (MB): peak = 2678.941 ; gain = 0.000 ; free physical = 432 ; free virtual = 18216
Sweep | Checksum: 2df2475e5
INFO: [Opt 31-389] Phase Sweep created 0 cells and removed 0 cells

Phase 6 BUFG optimization
Phase 6 BUFG optimization | Checksum: 2df2475e5

Time (s): cpu = 00:00:00.01 ; elapsed = 00:00:00.02 . Memory (MB): peak = 2710.957 ; gain = 32.016 ; free physical = 432 ; free virtual = 18216
BUFG optimization | Checksum: 2df2475e5
INFO: [Opt 31-662] Phase BUFG optimization created 0 cells of which 0 are BUFGs and removed 0 cells.

Phase 7 Shift Register Optimization
INFO: [Opt 31-1064] SRL Remap converted 0 SRLs to 0 registers and converted 0 registers of register chains to 0 SRLs
Phase 7 Shift Register Optimization | Checksum: 2df2475e5

Time (s): cpu = 00:00:00.01 ; elapsed = 00:00:00.02 . Memory (MB): peak = 2710.957 ; gain = 32.016 ; free physical = 432 ; free virtual = 18216
Shift Register Optimization | Checksum: 2df2475e5
INFO: [Opt 31-389] Phase Shift Register Optimization created 0 cells and removed 0 cells

Phase 8 Post Processing Netlist
Phase 8 Post Processing Netlist | Checksum: 2df2475e5

Time (s): cpu = 00:00:00.01 ; elapsed = 00:00:00.02 . Memory (MB): peak = 2710.957 ; gain = 32.016 ; free physical = 432 ; free virtual = 18216
Post Processing Netlist | Checksum: 2df2475e5
INFO: [Opt 31-389] Phase Post Processing Netlist created 0 cells and removed 0 cells

Phase 9 Finalization

Phase 9.1 Finalizing Design Cores and Updating Shapes
Phase 9.1 Finalizing Design Cores and Updating Shapes | Checksum: 2df2475e5

Time (s): cpu = 00:00:00.01 ; elapsed = 00:00:00.02 . Memory (MB): peak = 2710.957 ; gain = 32.016 ; free physical = 432 ; free virtual = 18216

Phase 9.2 Verifying Netlist Connectivity

Starting Connectivity Check Task

Time (s): cpu = 00:00:00.01 ; elapsed = 00:00:00 . Memory (MB): peak = 2710.957 ; gain = 0.000 ; free physical = 432 ; free virtual = 18216
Phase 9.2 Verifying Netlist Connectivity | Checksum: 2df2475e5

Time (s): cpu = 00:00:00.02 ; elapsed = 00:00:00.02 . Memory (MB): peak = 2710.957 ; gain = 32.016 ; free physical = 432 ; free virtual = 18216
Phase 9 Finalization | Checksum: 2df2475e5

Time (s): cpu = 00:00:00.02 ; elapsed = 00:00:00.02 . Memory (MB): peak = 2710.957 ; gain = 32.016 ; free physical = 432 ; free virtual = 18216
Opt_design Change Summary
=========================


-------------------------------------------------------------------------------------------------------------------------
|  Phase                        |  #Cells created  |  #Cells Removed  |  #Constrained objects preventing optimizations  |
-------------------------------------------------------------------------------------------------------------------------
|  Retarget                     |               0  |               0  |                                              0  |
|  Constant propagation         |               0  |               0  |                                              0  |
|  Sweep                        |               0  |               0  |                                              0  |
|  BUFG optimization            |               0  |               0  |                                              0  |
|  Shift Register Optimization  |               0  |               0  |                                              0  |
|  Post Processing Netlist      |               0  |               0  |                                              0  |
-------------------------------------------------------------------------------------------------------------------------


Ending Logic Optimization Task | Checksum: 2df2475e5

Time (s): cpu = 00:00:00.02 ; elapsed = 00:00:00.02 . Memory (MB): peak = 2710.957 ; gain = 32.016 ; free physical = 432 ; free virtual = 18216

Starting Power Optimization Task
INFO: [Pwropt 34-132] Skipping clock gating for clocks with a period < 2.00 ns.
Ending Power Optimization Task | Checksum: 2df2475e5

Time (s): cpu = 00:00:00 ; elapsed = 00:00:00.01 . Memory (MB): peak = 2710.957 ; gain = 0.000 ; free physical = 433 ; free virtual = 18217

Starting Final Cleanup Task
Ending Final Cleanup Task | Checksum: 2df2475e5

Time (s): cpu = 00:00:00 ; elapsed = 00:00:00 . Memory (MB): peak = 2710.957 ; gain = 0.000 ; free physical = 433 ; free virtual = 18217
Netlist sorting complete. Time (s): cpu = 00:00:00 ; elapsed = 00:00:00 . Memory (MB): peak = 2710.957 ; gain = 0.000 ; free physical = 433 ; free virtual = 18217
INFO: [Common 17-83] Releasing license: Implementation
25 Infos, 0 Warnings, 2 Critical Warnings and 0 Errors encountered.
opt_design completed successfully
opt_design: Time (s): cpu = 00:00:05 ; elapsed = 00:00:05 . Memory (MB): peak = 2710.957 ; gain = 791.316 ; free physical = 433 ; free virtual = 18217
INFO: [Vivado 12-24828] Executing command : report_drc -file top_drc_opted.rpt -pb top_drc_opted.pb -rpx top_drc_opted.rpx
Command: report_drc -file top_drc_opted.rpt -pb top_drc_opted.pb -rpx top_drc_opted.rpx
INFO: [IP_Flow 19-234] Refreshing IP repositories
INFO: [IP_Flow 19-1704] No user IP repositories specified
INFO: [IP_Flow 19-2313] Loaded Vivado IP repository '/opt/Xilinx/2025.2/data/ip'.
INFO: [DRC 23-27] Running DRC with 8 threads
INFO: [Vivado_Tcl 2-168] The results of DRC are in file /home/achary/achary/Projects/OFDM/OFDM.runs/impl_1/top_drc_opted.rpt.
report_drc completed successfully
INFO: [Timing 38-480] Writing timing data to binary archive.
Write ShapeDB Complete: Time (s): cpu = 00:00:00 ; elapsed = 00:00:00.01 . Memory (MB): peak = 2710.957 ; gain = 0.000 ; free physical = 433 ; free virtual = 18217
Wrote PlaceDB: Time (s): cpu = 00:00:00 ; elapsed = 00:00:00.01 . Memory (MB): peak = 2710.957 ; gain = 0.000 ; free physical = 433 ; free virtual = 18217
Wrote PulsedLatchDB: Time (s): cpu = 00:00:00 ; elapsed = 00:00:00 . Memory (MB): peak = 2710.957 ; gain = 0.000 ; free physical = 433 ; free virtual = 18217
Writing XDEF routing.
Writing XDEF routing logical nets.
Writing XDEF routing special nets.
Wrote RouteStorage: Time (s): cpu = 00:00:00.01 ; elapsed = 00:00:00 . Memory (MB): peak = 2710.957 ; gain = 0.000 ; free physical = 433 ; free virtual = 18217
Wrote PlaceStorage: Time (s): cpu = 00:00:00 ; elapsed = 00:00:00 . Memory (MB): peak = 2710.957 ; gain = 0.000 ; free physical = 433 ; free virtual = 18217
Wrote Netlist Cache: Time (s): cpu = 00:00:00 ; elapsed = 00:00:00 . Memory (MB): peak = 2710.957 ; gain = 0.000 ; free physical = 433 ; free virtual = 18217
Wrote Device Cache: Time (s): cpu = 00:00:00.01 ; elapsed = 00:00:00 . Memory (MB): peak = 2710.957 ; gain = 0.000 ; free physical = 433 ; free virtual = 18217
Write Physdb Complete: Time (s): cpu = 00:00:00.02 ; elapsed = 00:00:00.02 . Memory (MB): peak = 2710.957 ; gain = 0.000 ; free physical = 433 ; free virtual = 18217
INFO: [Common 17-1381] The checkpoint '/home/achary/achary/Projects/OFDM/OFDM.runs/impl_1/top_opt.dcp' has been generated.
Command: place_design
Attempting to get a license for feature 'Implementation' and/or device 'xc7s25'
INFO: [Common 17-349] Got license for feature 'Implementation' and/or device 'xc7s25'
INFO: [Common 17-83] Releasing license: Implementation
INFO: [DRC 23-27] Running DRC with 8 threads
INFO: [Vivado_Tcl 4-198] DRC finished with 0 Errors
INFO: [Vivado_Tcl 4-199] Please refer to the DRC report (report_drc) for more information.
INFO: [Timing 38-35] Done setting XDC timing constraints.
Running DRC as a precondition to command place_design
INFO: [DRC 23-27] Running DRC with 8 threads
INFO: [Vivado_Tcl 4-198] DRC finished with 0 Errors
INFO: [Vivado_Tcl 4-199] Please refer to the DRC report (report_drc) for more information.
INFO: [Place 30-611] Multithreading enabled for place_design using a maximum of 8 CPUs

Starting Placer Task

Phase 1 Placer Initialization

Phase 1.1 Placer Initialization Netlist Sorting
Netlist sorting complete. Time (s): cpu = 00:00:00 ; elapsed = 00:00:00 . Memory (MB): peak = 2710.957 ; gain = 0.000 ; free physical = 428 ; free virtual = 18212
Phase 1.1 Placer Initialization Netlist Sorting | Checksum: 21e833d26

Time (s): cpu = 00:00:00 ; elapsed = 00:00:00 . Memory (MB): peak = 2710.957 ; gain = 0.000 ; free physical = 428 ; free virtual = 18212
Netlist sorting complete. Time (s): cpu = 00:00:00 ; elapsed = 00:00:00 . Memory (MB): peak = 2710.957 ; gain = 0.000 ; free physical = 428 ; free virtual = 18212

Phase 1.2 IO Placement/ Clock Placement/ Build Placer Device
WARNING: [Place 30-87] Partially locked IO Bus is found. Following components of the IO Bus toggle are not locked:  'toggle[1]' 
Phase 1.2 IO Placement/ Clock Placement/ Build Placer Device | Checksum: 217b8b2e1

Time (s): cpu = 00:00:00.17 ; elapsed = 00:00:00.04 . Memory (MB): peak = 2710.957 ; gain = 0.000 ; free physical = 427 ; free virtual = 18212

Phase 1.3 Build Placer Netlist Model
Phase 1.3 Build Placer Netlist Model | Checksum: 2374df02c

Time (s): cpu = 00:00:00.21 ; elapsed = 00:00:00.05 . Memory (MB): peak = 2710.957 ; gain = 0.000 ; free physical = 427 ; free virtual = 18212

Phase 1.4 Constrain Clocks/Macros
Phase 1.4 Constrain Clocks/Macros | Checksum: 2374df02c

Time (s): cpu = 00:00:00.22 ; elapsed = 00:00:00.05 . Memory (MB): peak = 2710.957 ; gain = 0.000 ; free physical = 427 ; free virtual = 18212
Phase 1 Placer Initialization | Checksum: 2374df02c

Time (s): cpu = 00:00:00.22 ; elapsed = 00:00:00.05 . Memory (MB): peak = 2710.957 ; gain = 0.000 ; free physical = 427 ; free virtual = 18212

Phase 2 Global Placement

Phase 2.1 Floorplanning
Phase 2.1 Floorplanning | Checksum: 2374df02c

Time (s): cpu = 00:00:00.22 ; elapsed = 00:00:00.05 . Memory (MB): peak = 2710.957 ; gain = 0.000 ; free physical = 427 ; free virtual = 18212

Phase 2.2 Update Timing before SLR Path Opt
Phase 2.2 Update Timing before SLR Path Opt | Checksum: 2374df02c

Time (s): cpu = 00:00:00.22 ; elapsed = 00:00:00.06 . Memory (MB): peak = 2710.957 ; gain = 0.000 ; free physical = 427 ; free virtual = 18212

Phase 2.3 Post-Processing in Floorplanning
Phase 2.3 Post-Processing in Floorplanning | Checksum: 2374df02c

Time (s): cpu = 00:00:00.22 ; elapsed = 00:00:00.06 . Memory (MB): peak = 2710.957 ; gain = 0.000 ; free physical = 427 ; free virtual = 18212

Phase 2.4 Global Place Phase1
Phase 2.4 Global Place Phase1 | Checksum: 275af1ad0

Time (s): cpu = 00:00:00.42 ; elapsed = 00:00:00.1 . Memory (MB): peak = 2742.973 ; gain = 32.016 ; free physical = 422 ; free virtual = 18206

Phase 2.5 Global Place Phase2
WARNING: [Place 46-29] Timing had been disabled during Placer and, therefore, physical synthesis in Placer will be skipped.
Phase 2.5 Global Place Phase2 | Checksum: 275af1ad0

Time (s): cpu = 00:00:00.49 ; elapsed = 00:00:00.12 . Memory (MB): peak = 2742.973 ; gain = 32.016 ; free physical = 422 ; free virtual = 18206
Phase 2 Global Placement | Checksum: 275af1ad0

Time (s): cpu = 00:00:00.5 ; elapsed = 00:00:00.12 . Memory (MB): peak = 2742.973 ; gain = 32.016 ; free physical = 422 ; free virtual = 18206

Phase 3 Detail Placement

Phase 3.1 Commit Multi Column Macros
Phase 3.1 Commit Multi Column Macros | Checksum: 275af1ad0

Time (s): cpu = 00:00:00.5 ; elapsed = 00:00:00.12 . Memory (MB): peak = 2742.973 ; gain = 32.016 ; free physical = 422 ; free virtual = 18206

Phase 3.2 Commit Most Macros & LUTRAMs
Phase 3.2 Commit Most Macros & LUTRAMs | Checksum: 2a615ed6d

Time (s): cpu = 00:00:00.54 ; elapsed = 00:00:00.13 . Memory (MB): peak = 2742.973 ; gain = 32.016 ; free physical = 422 ; free virtual = 18206

Phase 3.3 Area Swap Optimization
Phase 3.3 Area Swap Optimization | Checksum: 259e13d98

Time (s): cpu = 00:00:00.54 ; elapsed = 00:00:00.13 . Memory (MB): peak = 2742.973 ; gain = 32.016 ; free physical = 443 ; free virtual = 18227

Phase 3.4 Pipeline Register Optimization
Phase 3.4 Pipeline Register Optimization | Checksum: 259e13d98

Time (s): cpu = 00:00:00.54 ; elapsed = 00:00:00.13 . Memory (MB): peak = 2742.973 ; gain = 32.016 ; free physical = 443 ; free virtual = 18227

Phase 3.5 Small Shape Detail Placement
Phase 3.5 Small Shape Detail Placement | Checksum: 233616391

Time (s): cpu = 00:00:00.72 ; elapsed = 00:00:00.17 . Memory (MB): peak = 2742.973 ; gain = 32.016 ; free physical = 460 ; free virtual = 18244

Phase 3.6 Re-assign LUT pins
Phase 3.6 Re-assign LUT pins | Checksum: 233616391

Time (s): cpu = 00:00:00.74 ; elapsed = 00:00:00.17 . Memory (MB): peak = 2742.973 ; gain = 32.016 ; free physical = 460 ; free virtual = 18244

Phase 3.7 Pipeline Register Optimization
Phase 3.7 Pipeline Register Optimization | Checksum: 233616391

Time (s): cpu = 00:00:00.75 ; elapsed = 00:00:00.17 . Memory (MB): peak = 2742.973 ; gain = 32.016 ; free physical = 460 ; free virtual = 18244
Phase 3 Detail Placement | Checksum: 233616391

Time (s): cpu = 00:00:00.76 ; elapsed = 00:00:00.17 . Memory (MB): peak = 2742.973 ; gain = 32.016 ; free physical = 460 ; free virtual = 18244

Phase 4 Post Placement Optimization and Clean-Up

Phase 4.1 Post Commit Optimization
Phase 4.1 Post Commit Optimization | Checksum: 233616391

Time (s): cpu = 00:00:00.8 ; elapsed = 00:00:00.18 . Memory (MB): peak = 2742.973 ; gain = 32.016 ; free physical = 460 ; free virtual = 18244

Phase 4.2 Post Placement Cleanup
Phase 4.2 Post Placement Cleanup | Checksum: 233616391

Time (s): cpu = 00:00:00.8 ; elapsed = 00:00:00.18 . Memory (MB): peak = 2742.973 ; gain = 32.016 ; free physical = 460 ; free virtual = 18244

Phase 4.3 Placer Reporting

Phase 4.3.1 Print Estimated Congestion
INFO: [Place 30-612] Post-Placement Estimated Congestion 
 ____________________________________________________
|           | Global Congestion | Short Congestion  |
| Direction | Region Size       | Region Size       |
|___________|___________________|___________________|
|      North|                1x1|                1x1|
|___________|___________________|___________________|
|      South|                1x1|                1x1|
|___________|___________________|___________________|
|       East|                1x1|                1x1|
|___________|___________________|___________________|
|       West|                1x1|                1x1|
|___________|___________________|___________________|

Phase 4.3.1 Print Estimated Congestion | Checksum: 233616391

Time (s): cpu = 00:00:00.81 ; elapsed = 00:00:00.18 . Memory (MB): peak = 2742.973 ; gain = 32.016 ; free physical = 460 ; free virtual = 18244
Phase 4.3 Placer Reporting | Checksum: 233616391

Time (s): cpu = 00:00:00.81 ; elapsed = 00:00:00.18 . Memory (MB): peak = 2742.973 ; gain = 32.016 ; free physical = 460 ; free virtual = 18244

Phase 4.4 Final Placement Cleanup
Netlist sorting complete. Time (s): cpu = 00:00:00 ; elapsed = 00:00:00 . Memory (MB): peak = 2742.973 ; gain = 0.000 ; free physical = 460 ; free virtual = 18244

Time (s): cpu = 00:00:00.81 ; elapsed = 00:00:00.18 . Memory (MB): peak = 2742.973 ; gain = 32.016 ; free physical = 460 ; free virtual = 18244
Phase 4 Post Placement Optimization and Clean-Up | Checksum: 1e0b13854

Time (s): cpu = 00:00:00.81 ; elapsed = 00:00:00.18 . Memory (MB): peak = 2742.973 ; gain = 32.016 ; free physical = 460 ; free virtual = 18244
Ending Placer Task | Checksum: 16bc54b2e

Time (s): cpu = 00:00:00.81 ; elapsed = 00:00:00.18 . Memory (MB): peak = 2742.973 ; gain = 32.016 ; free physical = 460 ; free virtual = 18244
44 Infos, 2 Warnings, 2 Critical Warnings and 0 Errors encountered.
place_design completed successfully
INFO: [Vivado 12-24838] Running report commands "report_control_sets, report_io, report_utilization" in parallel.
Running report generation with 3 threads.
INFO: [Vivado 12-24828] Executing command : report_control_sets -verbose -file top_control_sets_placed.rpt
report_control_sets: Time (s): cpu = 00:00:00.03 ; elapsed = 00:00:00.05 . Memory (MB): peak = 2742.973 ; gain = 0.000 ; free physical = 442 ; free virtual = 18226
INFO: [Vivado 12-24828] Executing command : report_utilization -file top_utilization_placed.rpt -pb top_utilization_placed.pb
INFO: [Vivado 12-24828] Executing command : report_io -file top_io_placed.rpt
report_io: Time (s): cpu = 00:00:00.09 ; elapsed = 00:00:00.12 . Memory (MB): peak = 2742.973 ; gain = 0.000 ; free physical = 446 ; free virtual = 18231
INFO: [Timing 38-480] Writing timing data to binary archive.
Wrote PlaceDB: Time (s): cpu = 00:00:00 ; elapsed = 00:00:00 . Memory (MB): peak = 2742.973 ; gain = 0.000 ; free physical = 447 ; free virtual = 18231
Write ShapeDB Complete: Time (s): cpu = 00:00:00 ; elapsed = 00:00:00 . Memory (MB): peak = 2742.973 ; gain = 0.000 ; free physical = 447 ; free virtual = 18231
Wrote PulsedLatchDB: Time (s): cpu = 00:00:00 ; elapsed = 00:00:00 . Memory (MB): peak = 2742.973 ; gain = 0.000 ; free physical = 447 ; free virtual = 18231
Writing XDEF routing.
Writing XDEF routing logical nets.
Writing XDEF routing special nets.
Wrote RouteStorage: Time (s): cpu = 00:00:00.01 ; elapsed = 00:00:00.01 . Memory (MB): peak = 2742.973 ; gain = 0.000 ; free physical = 445 ; free virtual = 18229
Wrote PlaceStorage: Time (s): cpu = 00:00:00 ; elapsed = 00:00:00 . Memory (MB): peak = 2742.973 ; gain = 0.000 ; free physical = 445 ; free virtual = 18229
Wrote Netlist Cache: Time (s): cpu = 00:00:00 ; elapsed = 00:00:00 . Memory (MB): peak = 2742.973 ; gain = 0.000 ; free physical = 445 ; free virtual = 18229
Wrote Device Cache: Time (s): cpu = 00:00:00.01 ; elapsed = 00:00:00 . Memory (MB): peak = 2742.973 ; gain = 0.000 ; free physical = 445 ; free virtual = 18230
Write Physdb Complete: Time (s): cpu = 00:00:00.02 ; elapsed = 00:00:00.01 . Memory (MB): peak = 2742.973 ; gain = 0.000 ; free physical = 444 ; free virtual = 18229
INFO: [Common 17-1381] The checkpoint '/home/achary/achary/Projects/OFDM/OFDM.runs/impl_1/top_placed.dcp' has been generated.
Command: phys_opt_design
Attempting to get a license for feature 'Implementation' and/or device 'xc7s25'
INFO: [Common 17-349] Got license for feature 'Implementation' and/or device 'xc7s25'

Starting Initial Update Timing Task

Time (s): cpu = 00:00:00.01 ; elapsed = 00:00:00.01 . Memory (MB): peak = 2742.973 ; gain = 0.000 ; free physical = 439 ; free virtual = 18224
INFO: [Vivado_Tcl 4-235] No timing constraint found. The netlist was not modified.
INFO: [Common 17-83] Releasing license: Implementation
53 Infos, 2 Warnings, 2 Critical Warnings and 0 Errors encountered.
phys_opt_design completed successfully
INFO: [Timing 38-480] Writing timing data to binary archive.
Wrote PlaceDB: Time (s): cpu = 00:00:00 ; elapsed = 00:00:00 . Memory (MB): peak = 2742.973 ; gain = 0.000 ; free physical = 439 ; free virtual = 18224
Write ShapeDB Complete: Time (s): cpu = 00:00:00.01 ; elapsed = 00:00:00 . Memory (MB): peak = 2742.973 ; gain = 0.000 ; free physical = 439 ; free virtual = 18224
Wrote PulsedLatchDB: Time (s): cpu = 00:00:00 ; elapsed = 00:00:00 . Memory (MB): peak = 2742.973 ; gain = 0.000 ; free physical = 439 ; free virtual = 18224
Writing XDEF routing.
Writing XDEF routing logical nets.
Writing XDEF routing special nets.
Wrote RouteStorage: Time (s): cpu = 00:00:00.01 ; elapsed = 00:00:00 . Memory (MB): peak = 2742.973 ; gain = 0.000 ; free physical = 439 ; free virtual = 18224
Wrote PlaceStorage: Time (s): cpu = 00:00:00 ; elapsed = 00:00:00 . Memory (MB): peak = 2742.973 ; gain = 0.000 ; free physical = 439 ; free virtual = 18224
Wrote Netlist Cache: Time (s): cpu = 00:00:00 ; elapsed = 00:00:00 . Memory (MB): peak = 2742.973 ; gain = 0.000 ; free physical = 439 ; free virtual = 18224
Wrote Device Cache: Time (s): cpu = 00:00:00 ; elapsed = 00:00:00 . Memory (MB): peak = 2742.973 ; gain = 0.000 ; free physical = 438 ; free virtual = 18223
Write Physdb Complete: Time (s): cpu = 00:00:00.01 ; elapsed = 00:00:00.02 . Memory (MB): peak = 2742.973 ; gain = 0.000 ; free physical = 438 ; free virtual = 18223
INFO: [Common 17-1381] The checkpoint '/home/achary/achary/Projects/OFDM/OFDM.runs/impl_1/top_physopt.dcp' has been generated.
Command: route_design
Attempting to get a license for feature 'Implementation' and/or device 'xc7s25'
INFO: [Common 17-349] Got license for feature 'Implementation' and/or device 'xc7s25'


Starting Routing Task
INFO: [Route 35-254] Multithreading enabled for route_design using a maximum of 8 CPUs

Phase 1 Build RT Design
Checksum: PlaceDB: 91798527 ConstDB: 0 ShapeSum: 7d89b22 RouteDB: d2732ae5
Post Restoration Checksum: NetGraph: 6462a01c | NumContArr: 376d121b | Constraints: c2a8fa9d | Timing: c2a8fa9d
Phase 1 Build RT Design | Checksum: 22121a771

Time (s): cpu = 00:00:07 ; elapsed = 00:00:06 . Memory (MB): peak = 2742.973 ; gain = 0.000 ; free physical = 427 ; free virtual = 18212

Phase 2 Router Initialization
INFO: [Route 35-64] No timing constraints were detected. The router will operate in resource-optimization mode.

Phase 2.1 Fix Topology Constraints
Phase 2.1 Fix Topology Constraints | Checksum: 22121a771

Time (s): cpu = 00:00:07 ; elapsed = 00:00:06 . Memory (MB): peak = 2742.973 ; gain = 0.000 ; free physical = 428 ; free virtual = 18212

Phase 2.2 Pre Route Cleanup
Phase 2.2 Pre Route Cleanup | Checksum: 22121a771

Time (s): cpu = 00:00:07 ; elapsed = 00:00:06 . Memory (MB): peak = 2742.973 ; gain = 0.000 ; free physical = 428 ; free virtual = 18212
 Number of Nodes with overlaps = 0

Router Utilization Summary
  Global Vertical Routing Utilization    = 0 %
  Global Horizontal Routing Utilization  = 0 %
  Routable Net Status*
  *Does not include unroutable nets such as driverless and loadless.
  Run report_route_status for detailed report.
  Number of Failed Nets               = 3
    (Failed Nets is the sum of unrouted and partially routed nets)
  Number of Unrouted Nets             = 3
  Number of Partially Routed Nets     = 0
  Number of Node Overlaps             = 0

Phase 2 Router Initialization | Checksum: 27c5e759c

Time (s): cpu = 00:00:07 ; elapsed = 00:00:06 . Memory (MB): peak = 2742.973 ; gain = 0.000 ; free physical = 429 ; free virtual = 18213

Phase 3 Global Routing
Phase 3 Global Routing | Checksum: 27c5e759c

Time (s): cpu = 00:00:07 ; elapsed = 00:00:06 . Memory (MB): peak = 2742.973 ; gain = 0.000 ; free physical = 429 ; free virtual = 18213

Phase 4 Initial Routing

Phase 4.1 Initial Net Routing Pass
 Number of Nodes with overlaps = 0
Phase 4.1 Initial Net Routing Pass | Checksum: 3181936d3

Time (s): cpu = 00:00:07 ; elapsed = 00:00:06 . Memory (MB): peak = 2742.973 ; gain = 0.000 ; free physical = 428 ; free virtual = 18213
Phase 4 Initial Routing | Checksum: 3181936d3

Time (s): cpu = 00:00:07 ; elapsed = 00:00:06 . Memory (MB): peak = 2742.973 ; gain = 0.000 ; free physical = 428 ; free virtual = 18213

Phase 5 Rip-up And Reroute

Phase 5.1 Global Iteration 0
Phase 5.1 Global Iteration 0 | Checksum: 3181936d3

Time (s): cpu = 00:00:07 ; elapsed = 00:00:06 . Memory (MB): peak = 2742.973 ; gain = 0.000 ; free physical = 428 ; free virtual = 18213
Phase 5 Rip-up And Reroute | Checksum: 3181936d3

Time (s): cpu = 00:00:07 ; elapsed = 00:00:06 . Memory (MB): peak = 2742.973 ; gain = 0.000 ; free physical = 428 ; free virtual = 18213

Phase 6 Delay and Skew Optimization
Phase 6 Delay and Skew Optimization | Checksum: 3181936d3

Time (s): cpu = 00:00:07 ; elapsed = 00:00:06 . Memory (MB): peak = 2742.973 ; gain = 0.000 ; free physical = 428 ; free virtual = 18213

Phase 7 Post Hold Fix

Phase 7.1 Hold Fix Iter
Phase 7.1 Hold Fix Iter | Checksum: 3181936d3

Time (s): cpu = 00:00:07 ; elapsed = 00:00:06 . Memory (MB): peak = 2742.973 ; gain = 0.000 ; free physical = 428 ; free virtual = 18213
Phase 7 Post Hold Fix | Checksum: 3181936d3

Time (s): cpu = 00:00:07 ; elapsed = 00:00:06 . Memory (MB): peak = 2742.973 ; gain = 0.000 ; free physical = 428 ; free virtual = 18213

Phase 8 Route finalize

Router Utilization Summary
  Global Vertical Routing Utilization    = 0.003003 %
  Global Horizontal Routing Utilization  = 0.00154799 %
  Routable Net Status*
  *Does not include unroutable nets such as driverless and loadless.
  Run report_route_status for detailed report.
  Number of Failed Nets               = 0
    (Failed Nets is the sum of unrouted and partially routed nets)
  Number of Unrouted Nets             = 0
  Number of Partially Routed Nets     = 0
  Number of Node Overlaps             = 0


--GLOBAL Congestion:
Utilization threshold used for congestion level computation: 0.85
Congestion Report
North Dir 1x1 Area, Max Cong = 5.40541%, No Congested Regions.
South Dir 1x1 Area, Max Cong = 0.900901%, No Congested Regions.
East Dir 1x1 Area, Max Cong = 2.94118%, No Congested Regions.
West Dir 1x1 Area, Max Cong = 2.94118%, No Congested Regions.

------------------------------
Reporting congestion hotspots
------------------------------
Direction: North
----------------
Congested clusters found at Level 0
Effective congestion level: 0 Aspect Ratio: 1 Sparse Ratio: 0
Direction: South
----------------
Congested clusters found at Level 0
Effective congestion level: 0 Aspect Ratio: 1 Sparse Ratio: 0
Direction: East
----------------
Congested clusters found at Level 0
Effective congestion level: 0 Aspect Ratio: 1 Sparse Ratio: 0
Direction: West
----------------
Congested clusters found at Level 0
Effective congestion level: 0 Aspect Ratio: 1 Sparse Ratio: 0

Phase 8 Route finalize | Checksum: 3181936d3

Time (s): cpu = 00:00:07 ; elapsed = 00:00:06 . Memory (MB): peak = 2742.973 ; gain = 0.000 ; free physical = 428 ; free virtual = 18213

Phase 9 Verifying routed nets

 Verification completed successfully
Phase 9 Verifying routed nets | Checksum: 3181936d3

Time (s): cpu = 00:00:07 ; elapsed = 00:00:06 . Memory (MB): peak = 2742.973 ; gain = 0.000 ; free physical = 428 ; free virtual = 18213

Phase 10 Depositing Routes
Phase 10 Depositing Routes | Checksum: 2d7824a3e

Time (s): cpu = 00:00:07 ; elapsed = 00:00:06 . Memory (MB): peak = 2742.973 ; gain = 0.000 ; free physical = 428 ; free virtual = 18213

Phase 11 Post Process Routing
Phase 11 Post Process Routing | Checksum: 2d7824a3e

Time (s): cpu = 00:00:07 ; elapsed = 00:00:06 . Memory (MB): peak = 2742.973 ; gain = 0.000 ; free physical = 428 ; free virtual = 18213
Total Elapsed time in route_design: 6.18 secs

Phase 12 Post-Route Event Processing
Phase 12 Post-Route Event Processing | Checksum: 156fe135f

Time (s): cpu = 00:00:07 ; elapsed = 00:00:06 . Memory (MB): peak = 2742.973 ; gain = 0.000 ; free physical = 428 ; free virtual = 18213
INFO: [Route 35-16] Router Completed Successfully
Ending Routing Task | Checksum: 156fe135f

Time (s): cpu = 00:00:07 ; elapsed = 00:00:06 . Memory (MB): peak = 2742.973 ; gain = 0.000 ; free physical = 428 ; free virtual = 18213

Routing Is Done.
INFO: [Common 17-83] Releasing license: Implementation
60 Infos, 2 Warnings, 2 Critical Warnings and 0 Errors encountered.
route_design completed successfully
route_design: Time (s): cpu = 00:00:07 ; elapsed = 00:00:06 . Memory (MB): peak = 2742.973 ; gain = 0.000 ; free physical = 428 ; free virtual = 18213
INFO: [Vivado 12-24828] Executing command : report_drc -file top_drc_routed.rpt -pb top_drc_routed.pb -rpx top_drc_routed.rpx
Command: report_drc -file top_drc_routed.rpt -pb top_drc_routed.pb -rpx top_drc_routed.rpx
INFO: [IP_Flow 19-1839] IP Catalog is up to date.
INFO: [DRC 23-27] Running DRC with 8 threads
INFO: [Vivado_Tcl 2-168] The results of DRC are in file /home/achary/achary/Projects/OFDM/OFDM.runs/impl_1/top_drc_routed.rpt.
report_drc completed successfully
INFO: [Vivado 12-24828] Executing command : report_methodology -file top_methodology_drc_routed.rpt -pb top_methodology_drc_routed.pb -rpx top_methodology_drc_routed.rpx
Command: report_methodology -file top_methodology_drc_routed.rpt -pb top_methodology_drc_routed.pb -rpx top_methodology_drc_routed.rpx
INFO: [Timing 38-35] Done setting XDC timing constraints.
INFO: [DRC 23-133] Running Methodology with 8 threads
INFO: [Vivado_Tcl 2-1520] The results of Report Methodology are in file /home/achary/achary/Projects/OFDM/OFDM.runs/impl_1/top_methodology_drc_routed.rpt.
report_methodology completed successfully
INFO: [Vivado 12-24828] Executing command : report_timing_summary -max_paths 10 -routable_nets -report_unconstrained -file top_timing_summary_routed.rpt -pb top_timing_summary_routed.pb -rpx top_timing_summary_routed.rpx -warn_on_violation 
INFO: [Timing 38-35] Done setting XDC timing constraints.
INFO: [Timing 38-91] UpdateTimingParams: Speed grade: -1, Delay Type: min_max.
INFO: [Timing 38-191] Multithreading enabled for timing update using a maximum of 8 CPUs
WARNING: [Timing 38-313] There are no user specified timing constraints. Timing constraints are needed for proper timing analysis.
INFO: [Vivado 12-24838] Running report commands "report_bus_skew, report_incremental_reuse, report_route_status" in parallel.
Running report generation with 3 threads.
INFO: [Vivado 12-24828] Executing command : report_route_status -file top_route_status.rpt -pb top_route_status.pb
INFO: [Vivado 12-24828] Executing command : report_incremental_reuse -file top_incremental_reuse_routed.rpt
INFO: [Vivado_Tcl 4-1062] Incremental flow is disabled. No incremental reuse Info to report.
INFO: [Vivado 12-24828] Executing command : report_bus_skew -warn_on_violation -file top_bus_skew_routed.rpt -pb top_bus_skew_routed.pb -rpx top_bus_skew_routed.rpx
INFO: [Timing 38-91] UpdateTimingParams: Speed grade: -1, Delay Type: min_max.
INFO: [Timing 38-191] Multithreading enabled for timing update using a maximum of 8 CPUs
INFO: [Vivado 12-24828] Executing command : report_power -file top_power_routed.rpt -pb top_power_summary_routed.pb -rpx top_power_routed.rpx
Command: report_power -file top_power_routed.rpt -pb top_power_summary_routed.pb -rpx top_power_routed.rpx
WARNING: [Power 33-232] No user defined clocks were found in the design! Power estimation will be inaccurate until this is corrected.
Resolution: Please specify clocks using create_clock/create_generated_clock for sequential elements. For pure combinatorial circuits, please specify a virtual clock, otherwise the vectorless estimation might be inaccurate
Running Vector-less Activity Propagation...

Finished Running Vector-less Activity Propagation
80 Infos, 4 Warnings, 2 Critical Warnings and 0 Errors encountered.
report_power completed successfully
INFO: [Vivado 12-24828] Executing command : report_clock_utilization -file top_clock_utilization_routed.rpt
INFO: [Timing 38-480] Writing timing data to binary archive.
Wrote PlaceDB: Time (s): cpu = 00:00:00.01 ; elapsed = 00:00:00 . Memory (MB): peak = 2808.008 ; gain = 0.000 ; free physical = 428 ; free virtual = 18213
Write ShapeDB Complete: Time (s): cpu = 00:00:00.01 ; elapsed = 00:00:00 . Memory (MB): peak = 2808.008 ; gain = 0.000 ; free physical = 428 ; free virtual = 18213
Wrote PulsedLatchDB: Time (s): cpu = 00:00:00 ; elapsed = 00:00:00 . Memory (MB): peak = 2808.008 ; gain = 0.000 ; free physical = 428 ; free virtual = 18213
Writing XDEF routing.
Writing XDEF routing logical nets.
Writing XDEF routing special nets.
Wrote RouteStorage: Time (s): cpu = 00:00:00 ; elapsed = 00:00:00 . Memory (MB): peak = 2808.008 ; gain = 0.000 ; free physical = 428 ; free virtual = 18213
Wrote PlaceStorage: Time (s): cpu = 00:00:00 ; elapsed = 00:00:00 . Memory (MB): peak = 2808.008 ; gain = 0.000 ; free physical = 428 ; free virtual = 18213
Wrote Netlist Cache: Time (s): cpu = 00:00:00 ; elapsed = 00:00:00 . Memory (MB): peak = 2808.008 ; gain = 0.000 ; free physical = 428 ; free virtual = 18213
Wrote Device Cache: Time (s): cpu = 00:00:00 ; elapsed = 00:00:00 . Memory (MB): peak = 2808.008 ; gain = 0.000 ; free physical = 428 ; free virtual = 18214
Write Physdb Complete: Time (s): cpu = 00:00:00.03 ; elapsed = 00:00:00.02 . Memory (MB): peak = 2808.008 ; gain = 0.000 ; free physical = 428 ; free virtual = 18214
INFO: [Common 17-1381] The checkpoint '/home/achary/achary/Projects/OFDM/OFDM.runs/impl_1/top_routed.dcp' has been generated.
INFO: [Common 17-206] Exiting Vivado at Sun May 10 21:37:56 2026...

*** Running vivado
    with args -log top.vdi -applog -m64 -product Vivado -messageDb vivado.pb -mode batch -source top.tcl -notrace


****** Vivado v2025.2 (64-bit)
  **** SW Build 6299465 on Fri Nov 14 12:34:56 MST 2025
  **** IP Build 6300035 on Fri Nov 14 10:48:45 MST 2025
  **** SharedData Build 6298862 on Thu Nov 13 04:50:51 MST 2025
  **** Start of session at: Sun May 10 21:46:16 2026
    ** Copyright 1986-2022 Xilinx, Inc. All Rights Reserved.
    ** Copyright 2022-2025 Advanced Micro Devices, Inc. All Rights Reserved.

source top.tcl -notrace
Command: open_checkpoint top_routed.dcp
INFO: [Device 21-403] Loading part xc7s25csga324-1
Netlist sorting complete. Time (s): cpu = 00:00:00 ; elapsed = 00:00:00 . Memory (MB): peak = 1727.695 ; gain = 0.000 ; free physical = 1264 ; free virtual = 19049
INFO: [Project 1-479] Netlist was created with Vivado 2025.2
INFO: [Project 1-570] Preparing netlist for logic optimization
Read ShapeDB Complete: Time (s): cpu = 00:00:00 ; elapsed = 00:00:00 . Memory (MB): peak = 1796.508 ; gain = 0.000 ; free physical = 1185 ; free virtual = 18970
INFO: [Timing 38-478] Restoring timing data from binary archive.
INFO: [Timing 38-479] Binary timing data restore complete.
INFO: [Project 1-856] Restoring constraints from binary archive.
INFO: [Project 1-853] Binary constraint restore complete.
INFO: [Designutils 20-5722] Start Reading Physical Databases.
Reading placement.
Read Netlist Cache: Time (s): cpu = 00:00:00 ; elapsed = 00:00:00 . Memory (MB): peak = 2225.078 ; gain = 0.000 ; free physical = 791 ; free virtual = 18578
Reading placer database...
Read Device Cache: Time (s): cpu = 00:00:00.01 ; elapsed = 00:00:00 . Memory (MB): peak = 2225.078 ; gain = 0.000 ; free physical = 791 ; free virtual = 18578
Read PlaceDB: Time (s): cpu = 00:00:00 ; elapsed = 00:00:00 . Memory (MB): peak = 2225.078 ; gain = 0.000 ; free physical = 791 ; free virtual = 18578
Read placeStorage: Time (s): cpu = 00:00:00 ; elapsed = 00:00:00 . Memory (MB): peak = 2225.078 ; gain = 0.000 ; free physical = 791 ; free virtual = 18578
Read PulsedLatchDB: Time (s): cpu = 00:00:00 ; elapsed = 00:00:00 . Memory (MB): peak = 2225.078 ; gain = 0.000 ; free physical = 791 ; free virtual = 18578
Reading routing.
Read RouteStorage: Time (s): cpu = 00:00:00 ; elapsed = 00:00:00 . Memory (MB): peak = 2225.078 ; gain = 0.000 ; free physical = 791 ; free virtual = 18578
Read Physdb Files: Time (s): cpu = 00:00:00.01 ; elapsed = 00:00:00 . Memory (MB): peak = 2225.078 ; gain = 0.000 ; free physical = 791 ; free virtual = 18578
Restored from archive | CPU: 0.040000 secs | Memory: 1.160942 MB |
Finished XDEF File Restore: Time (s): cpu = 00:00:00.04 ; elapsed = 00:00:00.04 . Memory (MB): peak = 2225.078 ; gain = 18.844 ; free physical = 791 ; free virtual = 18578
Netlist sorting complete. Time (s): cpu = 00:00:00 ; elapsed = 00:00:00 . Memory (MB): peak = 2225.078 ; gain = 0.000 ; free physical = 791 ; free virtual = 18578
INFO: [Project 1-111] Unisim Transformation Summary:
No Unisim elements were transformed.

INFO: [Project 1-604] Checkpoint was created with Vivado v2025.2 (64-bit) build 6299465
WARNING: [Vivado 12-23575] Critical violations of the methodology design rules detected. Critical violations may contribute to timing failures or cause functional issues in hardware. Run report_methodology for more information.
open_checkpoint: Time (s): cpu = 00:00:12 ; elapsed = 00:00:07 . Memory (MB): peak = 2225.113 ; gain = 678.582 ; free physical = 791 ; free virtual = 18578
Command: write_bitstream -force top.bit
Attempting to get a license for feature 'Implementation' and/or device 'xc7s25'
INFO: [Common 17-349] Got license for feature 'Implementation' and/or device 'xc7s25'
Running DRC as a precondition to command write_bitstream
INFO: [IP_Flow 19-234] Refreshing IP repositories
INFO: [IP_Flow 19-1704] No user IP repositories specified
INFO: [IP_Flow 19-2313] Loaded Vivado IP repository '/opt/Xilinx/2025.2/data/ip'.
INFO: [DRC 23-27] Running DRC with 8 threads
ERROR: [DRC UCIO-1] Unconstrained Logical Port: 2 out of 4 logical ports have no user assigned specific location constraint (LOC). This may cause I/O contention or incompatibility with the board power or connectivity affecting performance, signal integrity or in extreme cases cause damage to the device or the components to which it is connected. To correct this violation, specify all pin locations. This design will fail to generate a bitstream unless all logical ports have a user specified site LOC constraint defined.  To allow bitstream creation with unspecified pin locations (not recommended), use this command: set_property SEVERITY {Warning} [get_drc_checks UCIO-1].  NOTE: When using the Vivado Runs infrastructure (e.g. launch_runs Tcl command), add this command to a .tcl file and add that file as a pre-hook for write_bitstream step for the implementation run.  Problem ports: toggle[1], and clk.
INFO: [Vivado 12-3199] DRC finished with 1 Errors
INFO: [Vivado 12-3200] Please refer to the DRC report (report_drc) for more information.
ERROR: [Vivado 12-1345] Error(s) found during DRC. Bitgen not run.
INFO: [Common 17-83] Releasing license: Implementation
18 Infos, 1 Warnings, 0 Critical Warnings and 2 Errors encountered.
write_bitstream failed
write_bitstream: Time (s): cpu = 00:00:00.85 ; elapsed = 00:00:21 . Memory (MB): peak = 2338.672 ; gain = 113.559 ; free physical = 613 ; free virtual = 18405
ERROR: [Common 17-39] 'write_bitstream' failed due to earlier errors.

INFO: [Common 17-206] Exiting Vivado at Sun May 10 21:46:45 2026...

*** Running vivado
    with args -log top.vdi -applog -m64 -product Vivado -messageDb vivado.pb -mode batch -source top.tcl -notrace


****** Vivado v2025.2 (64-bit)
  **** SW Build 6299465 on Fri Nov 14 12:34:56 MST 2025
  **** IP Build 6300035 on Fri Nov 14 10:48:45 MST 2025
  **** SharedData Build 6298862 on Thu Nov 13 04:50:51 MST 2025
  **** Start of session at: Sun May 10 21:53:47 2026
    ** Copyright 1986-2022 Xilinx, Inc. All Rights Reserved.
    ** Copyright 2022-2025 Advanced Micro Devices, Inc. All Rights Reserved.

source top.tcl -notrace
Command: open_checkpoint top_routed.dcp
INFO: [Device 21-403] Loading part xc7s25csga324-1
Netlist sorting complete. Time (s): cpu = 00:00:00 ; elapsed = 00:00:00 . Memory (MB): peak = 1728.281 ; gain = 0.000 ; free physical = 564 ; free virtual = 18367
INFO: [Project 1-479] Netlist was created with Vivado 2025.2
INFO: [Project 1-570] Preparing netlist for logic optimization
Read ShapeDB Complete: Time (s): cpu = 00:00:00 ; elapsed = 00:00:00 . Memory (MB): peak = 1796.094 ; gain = 0.000 ; free physical = 630 ; free virtual = 18325
INFO: [Timing 38-478] Restoring timing data from binary archive.
INFO: [Timing 38-479] Binary timing data restore complete.
INFO: [Project 1-856] Restoring constraints from binary archive.
INFO: [Project 1-853] Binary constraint restore complete.
INFO: [Designutils 20-5722] Start Reading Physical Databases.
Reading placement.
Read Netlist Cache: Time (s): cpu = 00:00:00 ; elapsed = 00:00:00 . Memory (MB): peak = 2225.242 ; gain = 0.000 ; free physical = 211 ; free virtual = 17906
Reading placer database...
Read Device Cache: Time (s): cpu = 00:00:00 ; elapsed = 00:00:00 . Memory (MB): peak = 2225.242 ; gain = 0.000 ; free physical = 211 ; free virtual = 17906
Read PlaceDB: Time (s): cpu = 00:00:00 ; elapsed = 00:00:00 . Memory (MB): peak = 2225.242 ; gain = 0.000 ; free physical = 211 ; free virtual = 17906
Read placeStorage: Time (s): cpu = 00:00:00 ; elapsed = 00:00:00 . Memory (MB): peak = 2225.242 ; gain = 0.000 ; free physical = 211 ; free virtual = 17906
Read PulsedLatchDB: Time (s): cpu = 00:00:00 ; elapsed = 00:00:00 . Memory (MB): peak = 2225.242 ; gain = 0.000 ; free physical = 211 ; free virtual = 17906
Reading routing.
Read RouteStorage: Time (s): cpu = 00:00:00.01 ; elapsed = 00:00:00.01 . Memory (MB): peak = 2225.242 ; gain = 0.000 ; free physical = 211 ; free virtual = 17906
Read Physdb Files: Time (s): cpu = 00:00:00.01 ; elapsed = 00:00:00.02 . Memory (MB): peak = 2225.242 ; gain = 0.000 ; free physical = 211 ; free virtual = 17906
Restored from archive | CPU: 0.030000 secs | Memory: 1.160942 MB |
Finished XDEF File Restore: Time (s): cpu = 00:00:00.03 ; elapsed = 00:00:00.04 . Memory (MB): peak = 2225.242 ; gain = 18.812 ; free physical = 211 ; free virtual = 17906
Netlist sorting complete. Time (s): cpu = 00:00:00 ; elapsed = 00:00:00 . Memory (MB): peak = 2225.242 ; gain = 0.000 ; free physical = 211 ; free virtual = 17906
INFO: [Project 1-111] Unisim Transformation Summary:
No Unisim elements were transformed.

INFO: [Project 1-604] Checkpoint was created with Vivado v2025.2 (64-bit) build 6299465
WARNING: [Vivado 12-23575] Critical violations of the methodology design rules detected. Critical violations may contribute to timing failures or cause functional issues in hardware. Run report_methodology for more information.
open_checkpoint: Time (s): cpu = 00:00:12 ; elapsed = 00:00:07 . Memory (MB): peak = 2225.277 ; gain = 681.160 ; free physical = 213 ; free virtual = 17908
Command: write_bitstream -force top.bit
Attempting to get a license for feature 'Implementation' and/or device 'xc7s25'
INFO: [Common 17-349] Got license for feature 'Implementation' and/or device 'xc7s25'
Running DRC as a precondition to command write_bitstream
INFO: [IP_Flow 19-234] Refreshing IP repositories
INFO: [IP_Flow 19-1704] No user IP repositories specified
INFO: [IP_Flow 19-2313] Loaded Vivado IP repository '/opt/Xilinx/2025.2/data/ip'.
INFO: [DRC 23-27] Running DRC with 8 threads
ERROR: [DRC UCIO-1] Unconstrained Logical Port: 2 out of 4 logical ports have no user assigned specific location constraint (LOC). This may cause I/O contention or incompatibility with the board power or connectivity affecting performance, signal integrity or in extreme cases cause damage to the device or the components to which it is connected. To correct this violation, specify all pin locations. This design will fail to generate a bitstream unless all logical ports have a user specified site LOC constraint defined.  To allow bitstream creation with unspecified pin locations (not recommended), use this command: set_property SEVERITY {Warning} [get_drc_checks UCIO-1].  NOTE: When using the Vivado Runs infrastructure (e.g. launch_runs Tcl command), add this command to a .tcl file and add that file as a pre-hook for write_bitstream step for the implementation run.  Problem ports: toggle[1], and clk.
INFO: [Vivado 12-3199] DRC finished with 1 Errors
INFO: [Vivado 12-3200] Please refer to the DRC report (report_drc) for more information.
ERROR: [Vivado 12-1345] Error(s) found during DRC. Bitgen not run.
INFO: [Common 17-83] Releasing license: Implementation
18 Infos, 1 Warnings, 0 Critical Warnings and 2 Errors encountered.
write_bitstream failed
write_bitstream: Time (s): cpu = 00:00:00.83 ; elapsed = 00:00:21 . Memory (MB): peak = 2338.836 ; gain = 113.559 ; free physical = 365 ; free virtual = 17793
ERROR: [Common 17-39] 'write_bitstream' failed due to earlier errors.

INFO: [Common 17-206] Exiting Vivado at Sun May 10 21:54:16 2026...

*** Running vivado
    with args -log top.vdi -applog -m64 -product Vivado -messageDb vivado.pb -mode batch -source top.tcl -notrace


****** Vivado v2025.2 (64-bit)
  **** SW Build 6299465 on Fri Nov 14 12:34:56 MST 2025
  **** IP Build 6300035 on Fri Nov 14 10:48:45 MST 2025
  **** SharedData Build 6298862 on Thu Nov 13 04:50:51 MST 2025
  **** Start of session at: Sun May 10 22:00:44 2026
    ** Copyright 1986-2022 Xilinx, Inc. All Rights Reserved.
    ** Copyright 2022-2025 Advanced Micro Devices, Inc. All Rights Reserved.

source top.tcl -notrace
Command: open_checkpoint top_routed.dcp
INFO: [Device 21-403] Loading part xc7s25csga324-1
Netlist sorting complete. Time (s): cpu = 00:00:00 ; elapsed = 00:00:00 . Memory (MB): peak = 1728.047 ; gain = 0.000 ; free physical = 920 ; free virtual = 18346
INFO: [Project 1-479] Netlist was created with Vivado 2025.2
INFO: [Project 1-570] Preparing netlist for logic optimization
Read ShapeDB Complete: Time (s): cpu = 00:00:00 ; elapsed = 00:00:00 . Memory (MB): peak = 1795.859 ; gain = 0.000 ; free physical = 839 ; free virtual = 18265
INFO: [Timing 38-478] Restoring timing data from binary archive.
INFO: [Timing 38-479] Binary timing data restore complete.
INFO: [Project 1-856] Restoring constraints from binary archive.
INFO: [Project 1-853] Binary constraint restore complete.
INFO: [Designutils 20-5722] Start Reading Physical Databases.
Reading placement.
Read Netlist Cache: Time (s): cpu = 00:00:00 ; elapsed = 00:00:00 . Memory (MB): peak = 2225.102 ; gain = 0.000 ; free physical = 444 ; free virtual = 17870
Reading placer database...
Read Device Cache: Time (s): cpu = 00:00:00 ; elapsed = 00:00:00.01 . Memory (MB): peak = 2225.102 ; gain = 0.000 ; free physical = 444 ; free virtual = 17870
Read PlaceDB: Time (s): cpu = 00:00:00 ; elapsed = 00:00:00 . Memory (MB): peak = 2225.102 ; gain = 0.000 ; free physical = 444 ; free virtual = 17870
Read placeStorage: Time (s): cpu = 00:00:00 ; elapsed = 00:00:00 . Memory (MB): peak = 2225.102 ; gain = 0.000 ; free physical = 444 ; free virtual = 17870
Read PulsedLatchDB: Time (s): cpu = 00:00:00 ; elapsed = 00:00:00 . Memory (MB): peak = 2225.102 ; gain = 0.000 ; free physical = 444 ; free virtual = 17870
Reading routing.
Read RouteStorage: Time (s): cpu = 00:00:00 ; elapsed = 00:00:00 . Memory (MB): peak = 2225.102 ; gain = 0.000 ; free physical = 444 ; free virtual = 17870
Read Physdb Files: Time (s): cpu = 00:00:00.01 ; elapsed = 00:00:00.01 . Memory (MB): peak = 2225.102 ; gain = 0.000 ; free physical = 444 ; free virtual = 17870
Restored from archive | CPU: 0.040000 secs | Memory: 1.160904 MB |
Finished XDEF File Restore: Time (s): cpu = 00:00:00.03 ; elapsed = 00:00:00.03 . Memory (MB): peak = 2225.102 ; gain = 18.844 ; free physical = 444 ; free virtual = 17870
Netlist sorting complete. Time (s): cpu = 00:00:00 ; elapsed = 00:00:00 . Memory (MB): peak = 2225.102 ; gain = 0.000 ; free physical = 444 ; free virtual = 17870
INFO: [Project 1-111] Unisim Transformation Summary:
No Unisim elements were transformed.

INFO: [Project 1-604] Checkpoint was created with Vivado v2025.2 (64-bit) build 6299465
WARNING: [Vivado 12-23575] Critical violations of the methodology design rules detected. Critical violations may contribute to timing failures or cause functional issues in hardware. Run report_methodology for more information.
open_checkpoint: Time (s): cpu = 00:00:11 ; elapsed = 00:00:06 . Memory (MB): peak = 2225.137 ; gain = 747.066 ; free physical = 444 ; free virtual = 17870
Command: write_bitstream -force top.bit
Attempting to get a license for feature 'Implementation' and/or device 'xc7s25'
INFO: [Common 17-349] Got license for feature 'Implementation' and/or device 'xc7s25'
Running DRC as a precondition to command write_bitstream
INFO: [IP_Flow 19-234] Refreshing IP repositories
INFO: [IP_Flow 19-1704] No user IP repositories specified
INFO: [IP_Flow 19-2313] Loaded Vivado IP repository '/opt/Xilinx/2025.2/data/ip'.

*** Running vivado
    with args -log top.vdi -applog -m64 -product Vivado -messageDb vivado.pb -mode batch -source top.tcl -notrace


****** Vivado v2025.2 (64-bit)
  **** SW Build 6299465 on Fri Nov 14 12:34:56 MST 2025
  **** IP Build 6300035 on Fri Nov 14 10:48:45 MST 2025
  **** SharedData Build 6298862 on Thu Nov 13 04:50:51 MST 2025
  **** Start of session at: Sun May 10 22:01:02 2026
    ** Copyright 1986-2022 Xilinx, Inc. All Rights Reserved.
    ** Copyright 2022-2025 Advanced Micro Devices, Inc. All Rights Reserved.

source top.tcl -notrace
Command: open_checkpoint top_routed.dcp
INFO: [Device 21-403] Loading part xc7s25csga324-1
Netlist sorting complete. Time (s): cpu = 00:00:00 ; elapsed = 00:00:00 . Memory (MB): peak = 1727.590 ; gain = 0.000 ; free physical = 202 ; free virtual = 17094
INFO: [Project 1-479] Netlist was created with Vivado 2025.2
INFO: [Project 1-570] Preparing netlist for logic optimization
Read ShapeDB Complete: Time (s): cpu = 00:00:00 ; elapsed = 00:00:00 . Memory (MB): peak = 1796.402 ; gain = 0.000 ; free physical = 181 ; free virtual = 16962
INFO: [Timing 38-478] Restoring timing data from binary archive.
INFO: [Timing 38-479] Binary timing data restore complete.
INFO: [Project 1-856] Restoring constraints from binary archive.
INFO: [Project 1-853] Binary constraint restore complete.
INFO: [Designutils 20-5722] Start Reading Physical Databases.
Reading placement.
Read Netlist Cache: Time (s): cpu = 00:00:00 ; elapsed = 00:00:00 . Memory (MB): peak = 2224.582 ; gain = 0.000 ; free physical = 181 ; free virtual = 16654
Reading placer database...
Read Device Cache: Time (s): cpu = 00:00:00 ; elapsed = 00:00:00.01 . Memory (MB): peak = 2224.582 ; gain = 0.000 ; free physical = 181 ; free virtual = 16654
Read PlaceDB: Time (s): cpu = 00:00:00 ; elapsed = 00:00:00 . Memory (MB): peak = 2224.582 ; gain = 0.000 ; free physical = 181 ; free virtual = 16654
Read placeStorage: Time (s): cpu = 00:00:00 ; elapsed = 00:00:00 . Memory (MB): peak = 2224.582 ; gain = 0.000 ; free physical = 181 ; free virtual = 16654
Read PulsedLatchDB: Time (s): cpu = 00:00:00 ; elapsed = 00:00:00 . Memory (MB): peak = 2224.582 ; gain = 0.000 ; free physical = 181 ; free virtual = 16654
Reading routing.
Read RouteStorage: Time (s): cpu = 00:00:00.01 ; elapsed = 00:00:00.01 . Memory (MB): peak = 2224.582 ; gain = 0.000 ; free physical = 181 ; free virtual = 16654
Read Physdb Files: Time (s): cpu = 00:00:00.02 ; elapsed = 00:00:00.02 . Memory (MB): peak = 2224.582 ; gain = 0.000 ; free physical = 181 ; free virtual = 16654
Restored from archive | CPU: 0.040000 secs | Memory: 1.160904 MB |
Finished XDEF File Restore: Time (s): cpu = 00:00:00.04 ; elapsed = 00:00:00.04 . Memory (MB): peak = 2224.582 ; gain = 17.812 ; free physical = 181 ; free virtual = 16654
Netlist sorting complete. Time (s): cpu = 00:00:00 ; elapsed = 00:00:00 . Memory (MB): peak = 2224.582 ; gain = 0.000 ; free physical = 181 ; free virtual = 16654
INFO: [Project 1-111] Unisim Transformation Summary:
No Unisim elements were transformed.

INFO: [Project 1-604] Checkpoint was created with Vivado v2025.2 (64-bit) build 6299465
WARNING: [Vivado 12-23575] Critical violations of the methodology design rules detected. Critical violations may contribute to timing failures or cause functional issues in hardware. Run report_methodology for more information.
open_checkpoint: Time (s): cpu = 00:00:12 ; elapsed = 00:00:07 . Memory (MB): peak = 2224.617 ; gain = 746.035 ; free physical = 166 ; free virtual = 16638
Command: write_bitstream -force top.bit
Attempting to get a license for feature 'Implementation' and/or device 'xc7s25'
INFO: [Common 17-349] Got license for feature 'Implementation' and/or device 'xc7s25'
Running DRC as a precondition to command write_bitstream
INFO: [IP_Flow 19-234] Refreshing IP repositories
INFO: [IP_Flow 19-1704] No user IP repositories specified
INFO: [IP_Flow 19-2313] Loaded Vivado IP repository '/opt/Xilinx/2025.2/data/ip'.
INFO: [DRC 23-27] Running DRC with 8 threads
ERROR: [DRC UCIO-1] Unconstrained Logical Port: 2 out of 4 logical ports have no user assigned specific location constraint (LOC). This may cause I/O contention or incompatibility with the board power or connectivity affecting performance, signal integrity or in extreme cases cause damage to the device or the components to which it is connected. To correct this violation, specify all pin locations. This design will fail to generate a bitstream unless all logical ports have a user specified site LOC constraint defined.  To allow bitstream creation with unspecified pin locations (not recommended), use this command: set_property SEVERITY {Warning} [get_drc_checks UCIO-1].  NOTE: When using the Vivado Runs infrastructure (e.g. launch_runs Tcl command), add this command to a .tcl file and add that file as a pre-hook for write_bitstream step for the implementation run.  Problem ports: toggle[1], and clk.
INFO: [Vivado 12-3199] DRC finished with 1 Errors
INFO: [Vivado 12-3200] Please refer to the DRC report (report_drc) for more information.
ERROR: [Vivado 12-1345] Error(s) found during DRC. Bitgen not run.
INFO: [Common 17-83] Releasing license: Implementation
18 Infos, 1 Warnings, 0 Critical Warnings and 2 Errors encountered.
write_bitstream failed
write_bitstream: Time (s): cpu = 00:00:00.76 ; elapsed = 00:00:21 . Memory (MB): peak = 2341.664 ; gain = 116.527 ; free physical = 159 ; free virtual = 16520
ERROR: [Common 17-39] 'write_bitstream' failed due to earlier errors.

INFO: [Common 17-206] Exiting Vivado at Sun May 10 22:01:13 2026...
INFO: [DRC 23-27] Running DRC with 8 threads
ERROR: [DRC UCIO-1] Unconstrained Logical Port: 2 out of 4 logical ports have no user assigned specific location constraint (LOC). This may cause I/O contention or incompatibility with the board power or connectivity affecting performance, signal integrity or in extreme cases cause damage to the device or the components to which it is connected. To correct this violation, specify all pin locations. This design will fail to generate a bitstream unless all logical ports have a user specified site LOC constraint defined.  To allow bitstream creation with unspecified pin locations (not recommended), use this command: set_property SEVERITY {Warning} [get_drc_checks UCIO-1].  NOTE: When using the Vivado Runs infrastructure (e.g. launch_runs Tcl command), add this command to a .tcl file and add that file as a pre-hook for write_bitstream step for the implementation run.  Problem ports: toggle[1], and clk.
INFO: [Vivado 12-3199] DRC finished with 1 Errors
INFO: [Vivado 12-3200] Please refer to the DRC report (report_drc) for more information.
ERROR: [Vivado 12-1345] Error(s) found during DRC. Bitgen not run.
INFO: [Common 17-83] Releasing license: Implementation
18 Infos, 1 Warnings, 0 Critical Warnings and 2 Errors encountered.
write_bitstream failed
write_bitstream: Time (s): cpu = 00:00:00.8 ; elapsed = 00:00:21 . Memory (MB): peak = 2348.082 ; gain = 123.465 ; free physical = 1318 ; free virtual = 17690
ERROR: [Common 17-39] 'write_bitstream' failed due to earlier errors.

INFO: [Common 17-206] Exiting Vivado at Sun May 10 22:01:32 2026...
