Copyright 1986-2022 Xilinx, Inc. All Rights Reserved. Copyright 2022-2025 Advanced Micro Devices, Inc. All Rights Reserved.
---------------------------------------------------------------------------------------------------------------------------------------------------------------------------------------------------------------------
| Tool Version : Vivado v.2025.2 (lin64) Build 6299465 Fri Nov 14 12:34:56 MST 2025
| Date         : Sun May 10 21:37:56 2026
| Host         : AC7700 running 64-bit Debian GNU/Linux 13 (trixie)
| Command      : report_timing_summary -max_paths 10 -routable_nets -report_unconstrained -file top_timing_summary_routed.rpt -pb top_timing_summary_routed.pb -rpx top_timing_summary_routed.rpx -warn_on_violation
| Design       : top
| Device       : 7s25-csga324
| Speed File   : -1  PRODUCTION 1.23 2018-06-13
| Design State : Routed
---------------------------------------------------------------------------------------------------------------------------------------------------------------------------------------------------------------------

Timing Summary Report

------------------------------------------------------------------------------------------------
| Timer Settings
| --------------
------------------------------------------------------------------------------------------------

  Enable Multi Corner Analysis               :  Yes
  Enable Pessimism Removal                   :  Yes
  Pessimism Removal Resolution               :  Nearest Common Node
  Enable Input Delay Default Clock           :  No
  Enable Preset / Clear Arcs                 :  No
  Disable Flight Delays                      :  No
  Ignore I/O Paths                           :  No
  Timing Early Launch at Borrowing Latches   :  No
  Borrow Time for Max Delay Exceptions       :  Yes
  Merge Timing Exceptions                    :  Yes
  Inter-SLR Compensation                     :  Conservative

  Corner  Analyze    Analyze    
  Name    Max Paths  Min Paths  
  ------  ---------  ---------  
  Slow    Yes        Yes        
  Fast    Yes        Yes        


------------------------------------------------------------------------------------------------
| Report Methodology
| ------------------
------------------------------------------------------------------------------------------------

Rule       Severity          Description                  Violations  
---------  ----------------  ---------------------------  ----------  
TIMING-17  Critical Warning  Non-clocked sequential cell  2           

Note: This report is based on the most recent report_methodology run and may not be up-to-date. Run report_methodology on the current design for the latest report.



check_timing report

Table of Contents
-----------------
1. checking no_clock (2)
2. checking constant_clock (0)
3. checking pulse_width_clock (0)
4. checking unconstrained_internal_endpoints (2)
5. checking no_input_delay (1)
6. checking no_output_delay (2)
7. checking multiple_clock (0)
8. checking generated_clocks (0)
9. checking loops (0)
10. checking partial_input_delay (0)
11. checking partial_output_delay (0)
12. checking latch_loops (0)

1. checking no_clock (2)
------------------------
 There are 2 register/latch pins with no clock driven by root clock pin: clk (HIGH)


2. checking constant_clock (0)
------------------------------
 There are 0 register/latch pins with constant_clock.


3. checking pulse_width_clock (0)
---------------------------------
 There are 0 register/latch pins which need pulse_width check


4. checking unconstrained_internal_endpoints (2)
------------------------------------------------
 There are 2 pins that are not constrained for maximum delay. (HIGH)

 There are 0 pins that are not constrained for maximum delay due to constant clock.


5. checking no_input_delay (1)
------------------------------
 There is 1 input port with no input delay specified. (HIGH)

 There are 0 input ports with no input delay but user has a false path constraint.


6. checking no_output_delay (2)
-------------------------------
 There are 2 ports with no output delay specified. (HIGH)

 There are 0 ports with no output delay but user has a false path constraint

 There are 0 ports with no output delay but with a timing clock defined on it or propagating through it


7. checking multiple_clock (0)
------------------------------
 There are 0 register/latch pins with multiple clocks.


8. checking generated_clocks (0)
--------------------------------
 There are 0 generated clocks that are not connected to a clock source.


9. checking loops (0)
---------------------
 There are 0 combinational loops in the design.


10. checking partial_input_delay (0)
------------------------------------
 There are 0 input ports with partial input delay specified.


11. checking partial_output_delay (0)
-------------------------------------
 There are 0 ports with partial output delay specified.


12. checking latch_loops (0)
----------------------------
 There are 0 combinational latch loops in the design through latch input



------------------------------------------------------------------------------------------------
| Design Timing Summary
| ---------------------
------------------------------------------------------------------------------------------------

    WNS(ns)      TNS(ns)  TNS Failing Endpoints  TNS Total Endpoints      WHS(ns)      THS(ns)  THS Failing Endpoints  THS Total Endpoints     WPWS(ns)     TPWS(ns)  TPWS Failing Endpoints  TPWS Total Endpoints  
    -------      -------  ---------------------  -------------------      -------      -------  ---------------------  -------------------     --------     --------  ----------------------  --------------------  
        inf        0.000                      0                    4          inf        0.000                      0                    4           NA           NA                      NA                    NA  


There are no user specified timing constraints.


------------------------------------------------------------------------------------------------
| Clock Summary
| -------------
------------------------------------------------------------------------------------------------


------------------------------------------------------------------------------------------------
| Intra Clock Table
| -----------------
------------------------------------------------------------------------------------------------

Clock             WNS(ns)      TNS(ns)  TNS Failing Endpoints  TNS Total Endpoints      WHS(ns)      THS(ns)  THS Failing Endpoints  THS Total Endpoints     WPWS(ns)     TPWS(ns)  TPWS Failing Endpoints  TPWS Total Endpoints  
-----             -------      -------  ---------------------  -------------------      -------      -------  ---------------------  -------------------     --------     --------  ----------------------  --------------------  


------------------------------------------------------------------------------------------------
| Inter Clock Table
| -----------------
------------------------------------------------------------------------------------------------

From Clock    To Clock          WNS(ns)      TNS(ns)  TNS Failing Endpoints  TNS Total Endpoints      WHS(ns)      THS(ns)  THS Failing Endpoints  THS Total Endpoints  
----------    --------          -------      -------  ---------------------  -------------------      -------      -------  ---------------------  -------------------  


------------------------------------------------------------------------------------------------
| Other Path Groups Table
| -----------------------
------------------------------------------------------------------------------------------------

Path Group    From Clock    To Clock          WNS(ns)      TNS(ns)  TNS Failing Endpoints  TNS Total Endpoints      WHS(ns)      THS(ns)  THS Failing Endpoints  THS Total Endpoints  
----------    ----------    --------          -------      -------  ---------------------  -------------------      -------      -------  ---------------------  -------------------  


------------------------------------------------------------------------------------------------
| User Ignored Path Table
| -----------------------
------------------------------------------------------------------------------------------------

Path Group    From Clock    To Clock    
----------    ----------    --------    


------------------------------------------------------------------------------------------------
| Unconstrained Path Table
| ------------------------
------------------------------------------------------------------------------------------------

Path Group    From Clock    To Clock    
----------    ----------    --------    
(none)                                    


------------------------------------------------------------------------------------------------
| Timing Details
| --------------
------------------------------------------------------------------------------------------------


--------------------------------------------------------------------------------------
Path Group:  (none)
From Clock:  
  To Clock:  

Max Delay             4 Endpoints
Min Delay             4 Endpoints
--------------------------------------------------------------------------------------


Max Delay Paths
--------------------------------------------------------------------------------------
Slack:                    inf
  Source:                 toggle_reg[1]/C
                            (rising edge-triggered cell FDRE)
  Destination:            toggle[1]
                            (output port)
  Path Group:             (none)
  Path Type:              Max at Slow Process Corner
  Data Path Delay:        6.244ns  (logic 4.082ns (65.368%)  route 2.163ns (34.632%))
  Logic Levels:           2  (FDRE=1 OBUF=1)

    Location             Delay type                Incr(ns)  Path(ns)    Netlist Resource(s)
  -------------------------------------------------------------------    -------------------
    SLICE_X0Y17          FDRE                         0.000     0.000 r  toggle_reg[1]/C
    SLICE_X0Y17          FDRE (Prop_fdre_C_Q)         0.419     0.419 r  toggle_reg[1]/Q
                         net (fo=2, routed)           2.163     2.582    toggle_OBUF[1]
    R12                  OBUF (Prop_obuf_I_O)         3.663     6.244 r  toggle_OBUF[1]_inst/O
                         net (fo=0)                   0.000     6.244    toggle[1]
    R12                                                               r  toggle[1] (OUT)
  -------------------------------------------------------------------    -------------------

Slack:                    inf
  Source:                 toggle_reg[0]/C
                            (rising edge-triggered cell FDRE)
  Destination:            toggle[0]
                            (output port)
  Path Group:             (none)
  Path Type:              Max at Slow Process Corner
  Data Path Delay:        5.667ns  (logic 3.984ns (70.300%)  route 1.683ns (29.700%))
  Logic Levels:           2  (FDRE=1 OBUF=1)

    Location             Delay type                Incr(ns)  Path(ns)    Netlist Resource(s)
  -------------------------------------------------------------------    -------------------
    SLICE_X0Y17          FDRE                         0.000     0.000 r  toggle_reg[0]/C
    SLICE_X0Y17          FDRE (Prop_fdre_C_Q)         0.456     0.456 r  toggle_reg[0]/Q
                         net (fo=3, routed)           1.683     2.139    toggle_OBUF[0]
    U16                  OBUF (Prop_obuf_I_O)         3.528     5.667 r  toggle_OBUF[0]_inst/O
                         net (fo=0)                   0.000     5.667    toggle[0]
    U16                                                               r  toggle[0] (OUT)
  -------------------------------------------------------------------    -------------------

Slack:                    inf
  Source:                 n_rst
                            (input port)
  Destination:            toggle_reg[0]/D
  Path Group:             (none)
  Path Type:              Max at Slow Process Corner
  Data Path Delay:        2.436ns  (logic 1.597ns (65.533%)  route 0.840ns (34.467%))
  Logic Levels:           2  (IBUF=1 LUT2=1)

    Location             Delay type                Incr(ns)  Path(ns)    Netlist Resource(s)
  -------------------------------------------------------------------    -------------------
    V17                                               0.000     0.000 r  n_rst (IN)
                         net (fo=0)                   0.000     0.000    n_rst
    V17                  IBUF (Prop_ibuf_I_O)         1.473     1.473 r  n_rst_IBUF_inst/O
                         net (fo=2, routed)           0.840     2.312    n_rst_IBUF
    SLICE_X0Y17          LUT2 (Prop_lut2_I1_O)        0.124     2.436 r  toggle[0]_i_1/O
                         net (fo=1, routed)           0.000     2.436    toggle[0]_i_1_n_0
    SLICE_X0Y17          FDRE                                         r  toggle_reg[0]/D
  -------------------------------------------------------------------    -------------------

Slack:                    inf
  Source:                 n_rst
                            (input port)
  Destination:            toggle_reg[1]/D
  Path Group:             (none)
  Path Type:              Max at Slow Process Corner
  Data Path Delay:        2.430ns  (logic 1.591ns (65.448%)  route 0.840ns (34.552%))
  Logic Levels:           2  (IBUF=1 LUT3=1)

    Location             Delay type                Incr(ns)  Path(ns)    Netlist Resource(s)
  -------------------------------------------------------------------    -------------------
    V17                                               0.000     0.000 r  n_rst (IN)
                         net (fo=0)                   0.000     0.000    n_rst
    V17                  IBUF (Prop_ibuf_I_O)         1.473     1.473 r  n_rst_IBUF_inst/O
                         net (fo=2, routed)           0.840     2.312    n_rst_IBUF
    SLICE_X0Y17          LUT3 (Prop_lut3_I2_O)        0.118     2.430 r  toggle[1]_i_1/O
                         net (fo=1, routed)           0.000     2.430    toggle[1]_i_1_n_0
    SLICE_X0Y17          FDRE                                         r  toggle_reg[1]/D
  -------------------------------------------------------------------    -------------------





Min Delay Paths
--------------------------------------------------------------------------------------
Slack:                    inf
  Source:                 toggle_reg[0]/C
                            (rising edge-triggered cell FDRE)
  Destination:            toggle_reg[1]/D
  Path Group:             (none)
  Path Type:              Min at Fast Process Corner
  Data Path Delay:        0.368ns  (logic 0.183ns (49.756%)  route 0.185ns (50.244%))
  Logic Levels:           2  (FDRE=1 LUT3=1)

    Location             Delay type                Incr(ns)  Path(ns)    Netlist Resource(s)
  -------------------------------------------------------------------    -------------------
    SLICE_X0Y17          FDRE                         0.000     0.000 r  toggle_reg[0]/C
    SLICE_X0Y17          FDRE (Prop_fdre_C_Q)         0.141     0.141 r  toggle_reg[0]/Q
                         net (fo=3, routed)           0.185     0.326    toggle_OBUF[0]
    SLICE_X0Y17          LUT3 (Prop_lut3_I1_O)        0.042     0.368 r  toggle[1]_i_1/O
                         net (fo=1, routed)           0.000     0.368    toggle[1]_i_1_n_0
    SLICE_X0Y17          FDRE                                         r  toggle_reg[1]/D
  -------------------------------------------------------------------    -------------------

Slack:                    inf
  Source:                 toggle_reg[0]/C
                            (rising edge-triggered cell FDRE)
  Destination:            toggle_reg[0]/D
  Path Group:             (none)
  Path Type:              Min at Fast Process Corner
  Data Path Delay:        0.371ns  (logic 0.186ns (50.162%)  route 0.185ns (49.838%))
  Logic Levels:           2  (FDRE=1 LUT2=1)

    Location             Delay type                Incr(ns)  Path(ns)    Netlist Resource(s)
  -------------------------------------------------------------------    -------------------
    SLICE_X0Y17          FDRE                         0.000     0.000 r  toggle_reg[0]/C
    SLICE_X0Y17          FDRE (Prop_fdre_C_Q)         0.141     0.141 f  toggle_reg[0]/Q
                         net (fo=3, routed)           0.185     0.326    toggle_OBUF[0]
    SLICE_X0Y17          LUT2 (Prop_lut2_I0_O)        0.045     0.371 r  toggle[0]_i_1/O
                         net (fo=1, routed)           0.000     0.371    toggle[0]_i_1_n_0
    SLICE_X0Y17          FDRE                                         r  toggle_reg[0]/D
  -------------------------------------------------------------------    -------------------

Slack:                    inf
  Source:                 toggle_reg[0]/C
                            (rising edge-triggered cell FDRE)
  Destination:            toggle[0]
                            (output port)
  Path Group:             (none)
  Path Type:              Min at Fast Process Corner
  Data Path Delay:        1.704ns  (logic 1.370ns (80.392%)  route 0.334ns (19.608%))
  Logic Levels:           2  (FDRE=1 OBUF=1)

    Location             Delay type                Incr(ns)  Path(ns)    Netlist Resource(s)
  -------------------------------------------------------------------    -------------------
    SLICE_X0Y17          FDRE                         0.000     0.000 r  toggle_reg[0]/C
    SLICE_X0Y17          FDRE (Prop_fdre_C_Q)         0.141     0.141 r  toggle_reg[0]/Q
                         net (fo=3, routed)           0.334     0.475    toggle_OBUF[0]
    U16                  OBUF (Prop_obuf_I_O)         1.229     1.704 r  toggle_OBUF[0]_inst/O
                         net (fo=0)                   0.000     1.704    toggle[0]
    U16                                                               r  toggle[0] (OUT)
  -------------------------------------------------------------------    -------------------

Slack:                    inf
  Source:                 toggle_reg[1]/C
                            (rising edge-triggered cell FDRE)
  Destination:            toggle[1]
                            (output port)
  Path Group:             (none)
  Path Type:              Min at Fast Process Corner
  Data Path Delay:        1.933ns  (logic 1.371ns (70.944%)  route 0.562ns (29.056%))
  Logic Levels:           2  (FDRE=1 OBUF=1)

    Location             Delay type                Incr(ns)  Path(ns)    Netlist Resource(s)
  -------------------------------------------------------------------    -------------------
    SLICE_X0Y17          FDRE                         0.000     0.000 r  toggle_reg[1]/C
    SLICE_X0Y17          FDRE (Prop_fdre_C_Q)         0.128     0.128 r  toggle_reg[1]/Q
                         net (fo=2, routed)           0.562     0.690    toggle_OBUF[1]
    R12                  OBUF (Prop_obuf_I_O)         1.243     1.933 r  toggle_OBUF[1]_inst/O
                         net (fo=0)                   0.000     1.933    toggle[1]
    R12                                                               r  toggle[1] (OUT)
  -------------------------------------------------------------------    -------------------





